android-navigation/app/build/intermediates/manifest_merge_blame_file/debug/manifest-merger-blame-debug-report.txt
1<?xml version="1.0" encoding="utf-8"?>
2<!--
3  ~ Copyright 2018, The Android Open Source Project
4  ~
5  ~ Licensed under the Apache License, Version 2.0 (the "License");
6  ~ you may not use this file except in compliance with the License.
7  ~ You may obtain a copy of the License at
8  ~
9  ~      http://www.apache.org/licenses/LICENSE-2.0
10  ~
11  ~ Unless required by applicable law or agreed to in writing, software
12  ~ distributed under the License is distributed on an "AS IS" BASIS,
13  ~ WITHOUT WARRANTIES OR CONDITIONS OF ANY KIND, either express or implied.
14  ~ See the License for the specific language governing permissions and
15  ~ limitations under the License.
16-->
17<manifest xmlns:android="http://schemas.android.com/apk/res/android"
18    package="com.example.android.codelabs.navigation"
19    android:versionCode="1"
20    android:versionName="1.0" >
21
22    <uses-sdk
23        android:minSdkVersion="21"
23-->src/main/AndroidManifest.xml
24        android:targetSdkVersion="31" />
24-->src/main/AndroidManifest.xml
25
26    <application
26-->src/main/AndroidManifest.xml:21:5-54:19
27        android:allowBackup="false"
27-->src/main/AndroidManifest.xml:22:9-36
28        android:appComponentFactory="androidx.core.app.CoreComponentFactory"
28-->[androidx.core:core:1.7.0] AndroidManifest.xml:24:18-86
29        android:debuggable="true"
30        android:icon="@mipmap/ic_launcher"
30-->src/main/AndroidManifest.xml:23:9-43
31        android:label="@string/app_name"
31-->src/main/AndroidManifest.xml:24:9-41
32        android:supportsRtl="true"
32-->src/main/AndroidManifest.xml:25:9-35
33        android:testOnly="true"
34        android:theme="@style/AppTheme" >
34-->src/main/AndroidManifest.xml:26:9-40
35        <activity
35-->src/main/AndroidManifest.xml:28:9-41:20
36            android:name="com.example.android.codelabs.navigation.MainActivity"
36-->src/main/AndroidManifest.xml:28:19-47
37            android:exported="true" >
37-->src/main/AndroidManifest.xml:29:13-36
38            <intent-filter>
38-->src/main/AndroidManifest.xml:30:13-35:29
39                <action android:name="android.intent.action.MAIN" />
39-->src/main/AndroidManifest.xml:31:17-69
39-->src/main/AndroidManifest.xml:31:25-66
40
41                <category android:name="android.intent.category.DEFAULT" />
41-->src/main/AndroidManifest.xml:33:17-76
41-->src/main/AndroidManifest.xml:33:27-73
42                <category android:name="android.intent.category.LAUNCHER" />
42-->src/main/AndroidManifest.xml:34:17-77
42-->src/main/AndroidManifest.xml:34:27-74
43            </intent-filter>
44
45            <!-- TODO STEP 11.2 -->
46            <!-- <nav-graph android:value="@navigation/mobile_navigation" /> -->
47            <!-- TODO END STEP 11.2 -->
48
49        </activity>
50
51        <receiver
51-->src/main/AndroidManifest.xml:43:9-52:20
52            android:name="com.example.android.codelabs.navigation.DeepLinkAppWidgetProvider"
52-->src/main/AndroidManifest.xml:43:19-60
53            android:exported="true" >
53-->src/main/AndroidManifest.xml:44:13-36
54            <intent-filter>
54-->src/main/AndroidManifest.xml:45:13-47:29
55                <action android:name="android.appwidget.action.APPWIDGET_UPDATE" />
55-->src/main/AndroidManifest.xml:46:17-84
55-->src/main/AndroidManifest.xml:46:25-81
56            </intent-filter>
57
58            <meta-data
58-->src/main/AndroidManifest.xml:49:13-51:68
59                android:name="android.appwidget.provider"
59-->src/main/AndroidManifest.xml:50:17-58
60                android:resource="@xml/deep_link_appwidget_info" />
60-->src/main/AndroidManifest.xml:51:17-65
61        </receiver>
62
63        <provider
63-->[androidx.emoji2:emoji2:1.0.0] AndroidManifest.xml:26:9-34:20
64            android:name="androidx.startup.InitializationProvider"
64-->[androidx.emoji2:emoji2:1.0.0] AndroidManifest.xml:27:13-67
65            android:authorities="com.example.android.codelabs.navigation.androidx-startup"
65-->[androidx.emoji2:emoji2:1.0.0] AndroidManifest.xml:28:13-68
66            android:exported="false" >
66-->[androidx.emoji2:emoji2:1.0.0] AndroidManifest.xml:29:13-37
67            <meta-data
67-->[androidx.emoji2:emoji2:1.0.0] AndroidManifest.xml:31:13-33:52
68                android:name="androidx.emoji2.text.EmojiCompatInitializer"
68-->[androidx.emoji2:emoji2:1.0.0] AndroidManifest.xml:32:17-75
69                android:value="androidx.startup" />
69-->[androidx.emoji2:emoji2:1.0.0] AndroidManifest.xml:33:17-49
70            <meta-data
70-->[androidx.lifecycle:lifecycle-process:2.4.0] AndroidManifest.xml:31:13-33:52
71                android:name="androidx.lifecycle.ProcessLifecycleInitializer"
71-->[androidx.lifecycle:lifecycle-process:2.4.0] AndroidManifest.xml:32:17-78
72                android:value="androidx.startup" />
72-->[androidx.lifecycle:lifecycle-process:2.4.0] AndroidManifest.xml:33:17-49
73        </provider>
74    </application>
75
76</manifest>